<?xml version="1.0" encoding="UTF-8"?>
<!-- Generated by org.testng.reporters.JUnitXMLReporter -->
<testsuite hostname="DESKTOP-FSJF2OQ" ignored="0" name="flightbook2" tests="6" failures="0" timestamp="2022-07-30T14:06:01 IST" time="73.289" errors="0">
  <testcase name="enterResgistrationTest" time="12.171" classname="com.tour.test.UserRegistrationTest"/>
  <testcase name="navigateToFlightDetailPage" time="15.341" classname="com.tour.test.UserRegistrationTest"/>
  <testcase name="enterFlightDetails" time="17.471" classname="com.tour.test.UserRegistrationTest"/>
  <testcase name="selectDepartureAndReturn" time="15.975" classname="com.tour.test.UserRegistrationTest"/>
  <testcase name="submitBillingAddress" time="5.804" classname="com.tour.test.UserRegistrationTest"/>
  <testcase name="printflightSummary" time="0.034" classname="com.tour.test.UserRegistrationTest"/>
</testsuite> <!-- flightbook2 -->
