<?xml version="1.0" encoding="UTF-8"?>
<!-- Generated by org.testng.reporters.JUnitXMLReporter -->
<testsuite hostname="DESKTOP-FSJF2OQ" ignored="0" name="flightbook1" tests="6" failures="0" timestamp="2022-07-30T21:46:43 IST" time="76.289" errors="0">
  <testcase name="enterResgistrationTest" time="12.508" classname="com.tour.test.UserRegistrationTest"/>
  <testcase name="navigateToFlightDetailPage" time="16.031" classname="com.tour.test.UserRegistrationTest"/>
  <testcase name="enterFlightDetails" time="18.179" classname="com.tour.test.UserRegistrationTest"/>
  <testcase name="selectDepartureAndReturn" time="17.113" classname="com.tour.test.UserRegistrationTest"/>
  <testcase name="submitBillingAddress" time="5.827" classname="com.tour.test.UserRegistrationTest"/>
  <testcase name="printflightSummary" time="0.058" classname="com.tour.test.UserRegistrationTest"/>
</testsuite> <!-- flightbook1 -->
