<?xml version="1.0" encoding="UTF-8"?>
<testng-results skipped="0" failed="0" ignored="0" total="12" passed="12">
  <reporter-output>
  </reporter-output>
  <suite name="flightbooking" duration-ms="72271" started-at="2022-07-30T19:16:54 IST" finished-at="2022-07-30T19:18:06 IST">
    <groups>
    </groups>
    <test name="flightbook2" duration-ms="67624" started-at="2022-07-30T19:16:54 IST" finished-at="2022-07-30T19:18:01 IST">
      <class name="com.tour.test.UserRegistrationTest">
        <test-method status="PASS" signature="setBrowserInstance(java.lang.String)[pri:0, instance:com.tour.test.UserRegistrationTest@12c8a2c0]" name="setBrowserInstance" is-config="true" duration-ms="3646" started-at="2022-07-30T19:16:54 IST" finished-at="2022-07-30T19:16:57 IST">
          <params>
            <param index="0">
              <value>
                <![CDATA[chrome]]>
              </value>
            </param>
          </params>
          <reporter-output>
          </reporter-output>
        </test-method> <!-- setBrowserInstance -->
        <test-method status="PASS" signature="initializePages()[pri:0, instance:com.tour.test.UserRegistrationTest@12c8a2c0]" name="initializePages" is-config="true" duration-ms="37" started-at="2022-07-30T19:16:57 IST" depends-on-methods="com.tour.test.BaseTest.setBrowserInstance" finished-at="2022-07-30T19:16:57 IST">
          <reporter-output>
          </reporter-output>
        </test-method> <!-- initializePages -->
        <test-method status="PASS" signature="enterResgistrationTest()[pri:0, instance:com.tour.test.UserRegistrationTest@12c8a2c0]" name="enterResgistrationTest" duration-ms="11171" started-at="2022-07-30T19:16:57 IST" finished-at="2022-07-30T19:17:09 IST">
          <reporter-output>
          </reporter-output>
        </test-method> <!-- enterResgistrationTest -->
        <test-method status="PASS" signature="navigateToFlightDetailPage()[pri:0, instance:com.tour.test.UserRegistrationTest@12c8a2c0]" name="navigateToFlightDetailPage" duration-ms="15135" started-at="2022-07-30T19:17:09 IST" depends-on-methods="com.tour.test.UserRegistrationTest.enterResgistrationTest" finished-at="2022-07-30T19:17:24 IST">
          <reporter-output>
          </reporter-output>
        </test-method> <!-- navigateToFlightDetailPage -->
        <test-method status="PASS" signature="enterFlightDetails()[pri:0, instance:com.tour.test.UserRegistrationTest@12c8a2c0]" name="enterFlightDetails" duration-ms="15850" started-at="2022-07-30T19:17:24 IST" depends-on-methods="com.tour.test.UserRegistrationTest.navigateToFlightDetailPage" finished-at="2022-07-30T19:17:40 IST">
          <reporter-output>
          </reporter-output>
        </test-method> <!-- enterFlightDetails -->
        <test-method status="PASS" signature="selectDepartureAndReturn()[pri:0, instance:com.tour.test.UserRegistrationTest@12c8a2c0]" name="selectDepartureAndReturn" duration-ms="15589" started-at="2022-07-30T19:17:40 IST" depends-on-methods="com.tour.test.UserRegistrationTest.enterFlightDetails" finished-at="2022-07-30T19:17:55 IST">
          <reporter-output>
          </reporter-output>
        </test-method> <!-- selectDepartureAndReturn -->
        <test-method status="PASS" signature="submitBillingAddress()[pri:0, instance:com.tour.test.UserRegistrationTest@12c8a2c0]" name="submitBillingAddress" duration-ms="5410" started-at="2022-07-30T19:17:55 IST" depends-on-methods="com.tour.test.UserRegistrationTest.selectDepartureAndReturn" finished-at="2022-07-30T19:18:01 IST">
          <reporter-output>
          </reporter-output>
        </test-method> <!-- submitBillingAddress -->
        <test-method status="PASS" signature="printflightSummary()[pri:0, instance:com.tour.test.UserRegistrationTest@12c8a2c0]" name="printflightSummary" duration-ms="83" started-at="2022-07-30T19:18:01 IST" depends-on-methods="com.tour.test.UserRegistrationTest.submitBillingAddress" finished-at="2022-07-30T19:18:01 IST">
          <reporter-output>
          </reporter-output>
        </test-method> <!-- printflightSummary -->
        <test-method status="PASS" signature="closeBrower()[pri:0, instance:com.tour.test.UserRegistrationTest@12c8a2c0]" name="closeBrower" is-config="true" duration-ms="667" started-at="2022-07-30T19:18:01 IST" finished-at="2022-07-30T19:18:01 IST">
          <reporter-output>
          </reporter-output>
        </test-method> <!-- closeBrower -->
      </class> <!-- com.tour.test.UserRegistrationTest -->
    </test> <!-- flightbook2 -->
    <test name="flightbook1" duration-ms="72271" started-at="2022-07-30T19:16:54 IST" finished-at="2022-07-30T19:18:06 IST">
      <class name="com.tour.test.UserRegistrationTest">
        <test-method status="PASS" signature="setBrowserInstance(java.lang.String)[pri:0, instance:com.tour.test.UserRegistrationTest@612fc6eb]" name="setBrowserInstance" is-config="true" duration-ms="4604" started-at="2022-07-30T19:16:54 IST" finished-at="2022-07-30T19:16:58 IST">
          <params>
            <param index="0">
              <value>
                <![CDATA[firefox]]>
              </value>
            </param>
          </params>
          <reporter-output>
          </reporter-output>
        </test-method> <!-- setBrowserInstance -->
        <test-method status="PASS" signature="initializePages()[pri:0, instance:com.tour.test.UserRegistrationTest@612fc6eb]" name="initializePages" is-config="true" duration-ms="3" started-at="2022-07-30T19:16:58 IST" depends-on-methods="com.tour.test.BaseTest.setBrowserInstance" finished-at="2022-07-30T19:16:58 IST">
          <reporter-output>
          </reporter-output>
        </test-method> <!-- initializePages -->
        <test-method status="PASS" signature="enterResgistrationTest()[pri:0, instance:com.tour.test.UserRegistrationTest@612fc6eb]" name="enterResgistrationTest" duration-ms="12278" started-at="2022-07-30T19:16:58 IST" finished-at="2022-07-30T19:17:11 IST">
          <reporter-output>
          </reporter-output>
        </test-method> <!-- enterResgistrationTest -->
        <test-method status="PASS" signature="navigateToFlightDetailPage()[pri:0, instance:com.tour.test.UserRegistrationTest@612fc6eb]" name="navigateToFlightDetailPage" duration-ms="15346" started-at="2022-07-30T19:17:11 IST" depends-on-methods="com.tour.test.UserRegistrationTest.enterResgistrationTest" finished-at="2022-07-30T19:17:26 IST">
          <reporter-output>
          </reporter-output>
        </test-method> <!-- navigateToFlightDetailPage -->
        <test-method status="PASS" signature="enterFlightDetails()[pri:0, instance:com.tour.test.UserRegistrationTest@612fc6eb]" name="enterFlightDetails" duration-ms="17691" started-at="2022-07-30T19:17:26 IST" depends-on-methods="com.tour.test.UserRegistrationTest.navigateToFlightDetailPage" finished-at="2022-07-30T19:17:44 IST">
          <reporter-output>
          </reporter-output>
        </test-method> <!-- enterFlightDetails -->
        <test-method status="PASS" signature="selectDepartureAndReturn()[pri:0, instance:com.tour.test.UserRegistrationTest@612fc6eb]" name="selectDepartureAndReturn" duration-ms="16056" started-at="2022-07-30T19:17:44 IST" depends-on-methods="com.tour.test.UserRegistrationTest.enterFlightDetails" finished-at="2022-07-30T19:18:00 IST">
          <reporter-output>
          </reporter-output>
        </test-method> <!-- selectDepartureAndReturn -->
        <test-method status="PASS" signature="submitBillingAddress()[pri:0, instance:com.tour.test.UserRegistrationTest@612fc6eb]" name="submitBillingAddress" duration-ms="5378" started-at="2022-07-30T19:18:00 IST" depends-on-methods="com.tour.test.UserRegistrationTest.selectDepartureAndReturn" finished-at="2022-07-30T19:18:05 IST">
          <reporter-output>
          </reporter-output>
        </test-method> <!-- submitBillingAddress -->
        <test-method status="PASS" signature="printflightSummary()[pri:0, instance:com.tour.test.UserRegistrationTest@612fc6eb]" name="printflightSummary" duration-ms="76" started-at="2022-07-30T19:18:05 IST" depends-on-methods="com.tour.test.UserRegistrationTest.submitBillingAddress" finished-at="2022-07-30T19:18:05 IST">
          <reporter-output>
          </reporter-output>
        </test-method> <!-- printflightSummary -->
        <test-method status="PASS" signature="closeBrower()[pri:0, instance:com.tour.test.UserRegistrationTest@612fc6eb]" name="closeBrower" is-config="true" duration-ms="820" started-at="2022-07-30T19:18:05 IST" finished-at="2022-07-30T19:18:06 IST">
          <reporter-output>
          </reporter-output>
        </test-method> <!-- closeBrower -->
      </class> <!-- com.tour.test.UserRegistrationTest -->
    </test> <!-- flightbook1 -->
  </suite> <!-- flightbooking -->
</testng-results>
