<?xml version="1.0" encoding="UTF-8"?>
<testsuite xmlns:xsi="http://www.w3.org/2001/XMLSchema-instance" xsi:noNamespaceSchemaLocation="https://maven.apache.org/surefire/maven-surefire-plugin/xsd/surefire-test-report-3.0.xsd" version="3.0" name="TestSuite" time="50.073" tests="5" errors="0" skipped="0" failures="0">
  <properties>
[...]
</properties>
  <testcase name="enterResgistrationTest" classname="com.tour.test.UserRegistrationTest" time="9.905">
    <system-out><![CDATA[Via Webhook1
Via Webhook1
]]></system-out>
    <system-err><![CDATA[SLF4J: Failed to load class "org.slf4j.impl.StaticLoggerBinder".
SLF4J: Defaulting to no-operation (NOP) logger implementation
SLF4J: See http://www.slf4j.org/codes.html#StaticLoggerBinder for further details.
1659202265908	geckodriver	INFO	Listening on 127.0.0.1:60933
Starting ChromeDriver 103.0.5060.53 (a1711811edd74ff1cf2150f36ffa3b0dae40b17f-refs/branch-heads/5060@{#853}) on port 56160
Only local connections are allowed.
Please see https://chromedriver.chromium.org/security-considerations for suggestions on keeping ChromeDriver safe.
ChromeDriver was started successfully.
1659202266995	mozrunner::runner	INFO	Running command: "C:\\Program Files\\Mozilla Firefox\\firefox.exe" "--marionette" "--remote-debugging-port" "51358" "--remote-allow-hosts" "localhost" "--remote-allow-origins" "http://localhost:51358/" "-no-remote" "-profile" "C:\\Users\\AVITA\\AppData\\Local\\Temp\\rust_mozprofiledIJSgm"
console.error: Enterprise Policies: 
  Unknown policy: QuicAllowed
1659202267631	Marionette	INFO	Marionette enabled
1659202267636	Marionette	INFO	Listening on port 63330
WebDriver BiDi listening on ws://localhost:51358
Read port: 63330
1659202267957	RemoteAgent	WARN	TLS certificate errors will be ignored for this session
Jul 30, 2022 11:01:08 PM org.openqa.selenium.remote.ProtocolHandshake createSession
INFO: Detected upstream dialect: W3C
Jul 30, 2022 11:01:08 PM org.openqa.selenium.devtools.CdpVersionFinder findNearestMatch
INFO: Found exact CDP implementation for version 103
console.warn: SearchSettings: "get: No settings file exists, new profile?" (new NotFoundError("Could not open the file at C:\\Users\\AVITA\\AppData\\Local\\Temp\\rust_mozprofiledIJSgm\\search.json.mozlz4", (void 0)))
DevTools listening on ws://localhost:51358/devtools/browser/3324cc94-28bf-48e9-bc72-4eecd74dcc22
Jul 30, 2022 11:01:10 PM org.openqa.selenium.remote.ProtocolHandshake createSession
INFO: Detected upstream dialect: W3C
]]></system-err>
  </testcase>
  <testcase name="enterResgistrationTest" classname="com.tour.test.UserRegistrationTest" time="2.531">
    <system-err><![CDATA[1659202282484	Marionette	WARN	TimedPromise timed out after 500 ms: stacktrace:
TimedPromise/<@chrome://remote/content/marionette/sync.js:237:24
TimedPromise@chrome://remote/content/marionette/sync.js:222:10
interaction.flushEventLoop@chrome://remote/content/marionette/interaction.js:431:10
webdriverClickElement@chrome://remote/content/marionette/interaction.js:179:31
]]></system-err>
  </testcase>
  <testcase name="navigateToFlightDetailPage" classname="com.tour.test.UserRegistrationTest" time="12.623">
    <system-err><![CDATA[1659202288255	Marionette	WARN	TimedPromise timed out after 500 ms: stacktrace:
TimedPromise/<@chrome://remote/content/marionette/sync.js:237:24
TimedPromise@chrome://remote/content/marionette/sync.js:222:10
interaction.flushEventLoop@chrome://remote/content/marionette/interaction.js:431:10
webdriverClickElement@chrome://remote/content/marionette/interaction.js:179:31
]]></system-err>
  </testcase>
  <testcase name="navigateToFlightDetailPage" classname="com.tour.test.UserRegistrationTest" time="3.162"/>
  <testcase name="enterFlightDetails" classname="com.tour.test.UserRegistrationTest" time="14.912">
    <system-err><![CDATA[1659202308161	Marionette	WARN	TimedPromise timed out after 500 ms: stacktrace:
TimedPromise/<@chrome://remote/content/marionette/sync.js:237:24
TimedPromise@chrome://remote/content/marionette/sync.js:222:10
interaction.flushEventLoop@chrome://remote/content/marionette/interaction.js:431:10
webdriverClickElement@chrome://remote/content/marionette/interaction.js:179:31
1659202310213	Marionette	INFO	Stopped listening on port 63330
]]></system-err>
  </testcase>
</testsuite>