<?xml version="1.0" encoding="UTF-8"?>
<testng-results skipped="0" failed="0" ignored="0" total="6" passed="6">
  <reporter-output>
  </reporter-output>
  <suite name="flightbooking" duration-ms="73289" started-at="2022-07-30T14:04:48 IST" finished-at="2022-07-30T14:06:01 IST">
    <groups>
    </groups>
    <test name="flightbook2" duration-ms="73289" started-at="2022-07-30T14:04:48 IST" finished-at="2022-07-30T14:06:01 IST">
      <class name="com.tour.test.UserRegistrationTest">
        <test-method status="PASS" signature="setBrowserInstance(java.lang.String)[pri:0, instance:com.tour.test.UserRegistrationTest@612fc6eb]" name="setBrowserInstance" is-config="true" duration-ms="4882" started-at="2022-07-30T14:04:48 IST" finished-at="2022-07-30T14:04:52 IST">
          <params>
            <param index="0">
              <value>
                <![CDATA[firefox]]>
              </value>
            </param>
          </params>
          <reporter-output>
          </reporter-output>
        </test-method> <!-- setBrowserInstance -->
        <test-method status="PASS" signature="initializePages()[pri:0, instance:com.tour.test.UserRegistrationTest@612fc6eb]" name="initializePages" is-config="true" duration-ms="34" started-at="2022-07-30T14:04:52 IST" depends-on-methods="com.tour.test.BaseTest.setBrowserInstance" finished-at="2022-07-30T14:04:52 IST">
          <reporter-output>
          </reporter-output>
        </test-method> <!-- initializePages -->
        <test-method status="PASS" signature="enterResgistrationTest()[pri:0, instance:com.tour.test.UserRegistrationTest@612fc6eb]" name="enterResgistrationTest" duration-ms="12171" started-at="2022-07-30T14:04:52 IST" finished-at="2022-07-30T14:05:05 IST">
          <reporter-output>
          </reporter-output>
        </test-method> <!-- enterResgistrationTest -->
        <test-method status="PASS" signature="navigateToFlightDetailPage()[pri:0, instance:com.tour.test.UserRegistrationTest@612fc6eb]" name="navigateToFlightDetailPage" duration-ms="15341" started-at="2022-07-30T14:05:05 IST" depends-on-methods="com.tour.test.UserRegistrationTest.enterResgistrationTest" finished-at="2022-07-30T14:05:20 IST">
          <reporter-output>
          </reporter-output>
        </test-method> <!-- navigateToFlightDetailPage -->
        <test-method status="PASS" signature="enterFlightDetails()[pri:0, instance:com.tour.test.UserRegistrationTest@612fc6eb]" name="enterFlightDetails" duration-ms="17471" started-at="2022-07-30T14:05:20 IST" depends-on-methods="com.tour.test.UserRegistrationTest.navigateToFlightDetailPage" finished-at="2022-07-30T14:05:37 IST">
          <reporter-output>
          </reporter-output>
        </test-method> <!-- enterFlightDetails -->
        <test-method status="PASS" signature="selectDepartureAndReturn()[pri:0, instance:com.tour.test.UserRegistrationTest@612fc6eb]" name="selectDepartureAndReturn" duration-ms="15975" started-at="2022-07-30T14:05:37 IST" depends-on-methods="com.tour.test.UserRegistrationTest.enterFlightDetails" finished-at="2022-07-30T14:05:53 IST">
          <reporter-output>
          </reporter-output>
        </test-method> <!-- selectDepartureAndReturn -->
        <test-method status="PASS" signature="submitBillingAddress()[pri:0, instance:com.tour.test.UserRegistrationTest@612fc6eb]" name="submitBillingAddress" duration-ms="5804" started-at="2022-07-30T14:05:53 IST" depends-on-methods="com.tour.test.UserRegistrationTest.selectDepartureAndReturn" finished-at="2022-07-30T14:05:59 IST">
          <reporter-output>
          </reporter-output>
        </test-method> <!-- submitBillingAddress -->
        <test-method status="PASS" signature="printflightSummary()[pri:0, instance:com.tour.test.UserRegistrationTest@612fc6eb]" name="printflightSummary" duration-ms="34" started-at="2022-07-30T14:05:59 IST" depends-on-methods="com.tour.test.UserRegistrationTest.submitBillingAddress" finished-at="2022-07-30T14:05:59 IST">
          <reporter-output>
          </reporter-output>
        </test-method> <!-- printflightSummary -->
        <test-method status="PASS" signature="closeBrower()[pri:0, instance:com.tour.test.UserRegistrationTest@612fc6eb]" name="closeBrower" is-config="true" duration-ms="1534" started-at="2022-07-30T14:05:59 IST" finished-at="2022-07-30T14:06:01 IST">
          <reporter-output>
          </reporter-output>
        </test-method> <!-- closeBrower -->
      </class> <!-- com.tour.test.UserRegistrationTest -->
    </test> <!-- flightbook2 -->
  </suite> <!-- flightbooking -->
</testng-results>
